# JRE version: OpenJDK Runtime Environment (21.0.1+12) (build 21.0.1+12-29)
# Java VM: OpenJDK 64-Bit Server VM (21.0.1+12-29, mixed mode, emulated-client, sharing, tiered, compressed oops, compressed class ptrs, g1 gc, windows-amd64)
GC Precious Log:
 CardTable entry size: 512
 Card Set container configuration: InlinePtr #cards 5 size 8 Array Of Cards #cards 12 size 40 Howl #buckets 4 coarsen threshold 1843 Howl Bitmap #cards 512 size 80 coarsen threshold 460 Card regions per heap region 1 cards per card region 2048
 CPUs: 8 total, 8 available
 Memory: 7834M
 Large Page Support: Disabled
 NUMA Support: Disabled
 Compressed Oops: Enabled (32-bit)
 Heap Region Size: 1M
 Heap Min Capacity: 8M
 Heap Initial Capacity: 124M
 Heap Max Capacity: 1960M
 Pre-touch: Disabled
 Parallel Workers: 8
 Concurrent Workers: 2
 Concurrent Refinement Workers: 8
 Periodic GC: Disabled
Heap:
 garbage-first heap   total 113664K, used 111951K [0x0000000085800000, 0x0000000100000000)
  region size 1024K, 10 young (10240K), 1 survivors (1024K)
 Metaspace       used 64006K, committed 65088K, reserved 1114112K
  class space    used 9067K, committed 9472K, reserved 1048576K
GC Heap History (20 events):
Event: 117.069 GC heap before
{Heap before GC invocations=73 (full 0):
 garbage-first heap   total 414720K, used 27004K [0x0000000085800000, 0x0000000100000000)
  region size 1024K, 3 young (3072K), 1 survivors (1024K)
 Metaspace       used 63903K, committed 65088K, reserved 1114112K
  class space    used 9038K, committed 9472K, reserved 1048576K
}
Event: 117.088 GC heap after
{Heap after GC invocations=74 (full 0):
 garbage-first heap   total 414720K, used 25954K [0x0000000085800000, 0x0000000100000000)
  region size 1024K, 1 young (1024K), 1 survivors (1024K)
 Metaspace       used 63903K, committed 65088K, reserved 1114112K
  class space    used 9038K, committed 9472K, reserved 1048576K
}
Event: 118.206 GC heap before
{Heap before GC invocations=75 (full 0):
 garbage-first heap   total 110592K, used 107874K [0x0000000085800000, 0x0000000100000000)
  region size 1024K, 9 young (9216K), 1 survivors (1024K)
 Metaspace       used 63903K, committed 65088K, reserved 1114112K
  class space    used 9038K, committed 9472K, reserved 1048576K
}
Event: 118.224 GC heap after
{Heap after GC invocations=76 (full 0):
 garbage-first heap   total 112640K, used 25883K [0x0000000085800000, 0x0000000100000000)
  region size 1024K, 1 young (1024K), 1 survivors (1024K)
 Metaspace       used 63903K, committed 65088K, reserved 1114112K
  class space    used 9038K, committed 9472K, reserved 1048576K
}
Event: 118.945 GC heap before
{Heap before GC invocations=76 (full 0):
 garbage-first heap   total 114688K, used 111899K [0x0000000085800000, 0x0000000100000000)
  region size 1024K, 8 young (8192K), 1 survivors (1024K)
 Metaspace       used 63903K, committed 65088K, reserved 1114112K
  class space    used 9038K, committed 9472K, reserved 1048576K
}
Event: 118.948 GC heap after
{Heap after GC invocations=77 (full 0):
 garbage-first heap   total 115712K, used 25927K [0x0000000085800000, 0x0000000100000000)
  region size 1024K, 1 young (1024K), 1 survivors (1024K)
 Metaspace       used 63903K, committed 65088K, reserved 1114112K
  class space    used 9038K, committed 9472K, reserved 1048576K
}
Event: 118.949 GC heap before
{Heap before GC invocations=77 (full 0):
 garbage-first heap   total 115712K, used 25927K [0x0000000085800000, 0x0000000100000000)
  region size 1024K, 2 young (2048K), 1 survivors (1024K)
 Metaspace       used 63903K, committed 65088K, reserved 1114112K
  class space    used 9038K, committed 9472K, reserved 1048576K
}
Event: 118.953 GC heap after
{Heap after GC invocations=78 (full 0):
 garbage-first heap   total 115712K, used 25922K [0x0000000085800000, 0x0000000100000000)
  region size 1024K, 1 young (1024K), 1 survivors (1024K)
 Metaspace       used 63903K, committed 65088K, reserved 1114112K
  class space    used 9038K, committed 9472K, reserved 1048576K
}
Event: 119.361 GC heap before
{Heap before GC invocations=79 (full 0):
 garbage-first heap   total 120832K, used 119106K [0x0000000085800000, 0x0000000100000000)
  region size 1024K, 8 young (8192K), 1 survivors (1024K)
 Metaspace       used 63903K, committed 65088K, reserved 1114112K
  class space    used 9038K, committed 9472K, reserved 1048576K
}
Event: 119.363 GC heap after
{Heap after GC invocations=80 (full 0):
 garbage-first heap   total 122880K, used 28996K [0x0000000085800000, 0x0000000100000000)
  region size 1024K, 1 young (1024K), 1 survivors (1024K)
 Metaspace       used 63903K, committed 65088K, reserved 1114112K
  class space    used 9038K, committed 9472K, reserved 1048576K
}
Event: 120.123 GC heap before
{Heap before GC invocations=80 (full 0):
 garbage-first heap   total 129024K, used 126276K [0x0000000085800000, 0x0000000100000000)
  region size 1024K, 9 young (9216K), 1 survivors (1024K)
 Metaspace       used 63903K, committed 65088K, reserved 1114112K
  class space    used 9038K, committed 9472K, reserved 1048576K
}
Event: 120.155 GC heap after
{Heap after GC invocations=81 (full 0):
 garbage-first heap   total 130048K, used 27970K [0x0000000085800000, 0x0000000100000000)
  region size 1024K, 1 young (1024K), 1 survivors (1024K)
 Metaspace       used 63903K, committed 65088K, reserved 1114112K
  class space    used 9038K, committed 9472K, reserved 1048576K
}
Event: 120.158 GC heap before
{Heap before GC invocations=81 (full 0):
 garbage-first heap   total 130048K, used 28994K [0x0000000085800000, 0x0000000100000000)
  region size 1024K, 3 young (3072K), 1 survivors (1024K)
 Metaspace       used 63903K, committed 65088K, reserved 1114112K
  class space    used 9038K, committed 9472K, reserved 1048576K
}
Event: 120.160 GC heap after
{Heap after GC invocations=82 (full 0):
 garbage-first heap   total 130048K, used 27994K [0x0000000085800000, 0x0000000100000000)
  region size 1024K, 1 young (1024K), 1 survivors (1024K)
 Metaspace       used 63903K, committed 65088K, reserved 1114112K
  class space    used 9038K, committed 9472K, reserved 1048576K
}
Event: 120.540 GC heap before
{Heap before GC invocations=83 (full 0):
 garbage-first heap   total 115712K, used 112986K [0x0000000085800000, 0x0000000100000000)
  region size 1024K, 8 young (8192K), 1 survivors (1024K)
 Metaspace       used 63903K, committed 65088K, reserved 1114112K
  class space    used 9038K, committed 9472K, reserved 1048576K
}
Event: 120.542 GC heap after
{Heap after GC invocations=84 (full 0):
 garbage-first heap   total 116736K, used 25880K [0x0000000085800000, 0x0000000100000000)
  region size 1024K, 1 young (1024K), 1 survivors (1024K)
 Metaspace       used 63903K, committed 65088K, reserved 1114112K
  class space    used 9038K, committed 9472K, reserved 1048576K
}
Event: 121.255 GC heap before
{Heap before GC invocations=84 (full 0):
 garbage-first heap   total 123904K, used 122136K [0x0000000085800000, 0x0000000100000000)
  region size 1024K, 9 young (9216K), 1 survivors (1024K)
 Metaspace       used 63903K, committed 65088K, reserved 1114112K
  class space    used 9038K, committed 9472K, reserved 1048576K
}
Event: 121.297 GC heap after
{Heap after GC invocations=85 (full 0):
 garbage-first heap   total 125952K, used 26949K [0x0000000085800000, 0x0000000100000000)
  region size 1024K, 1 young (1024K), 1 survivors (1024K)
 Metaspace       used 63903K, committed 65088K, reserved 1114112K
  class space    used 9038K, committed 9472K, reserved 1048576K
}
Event: 121.306 GC heap before
{Heap before GC invocations=85 (full 0):
 garbage-first heap   total 125952K, used 30021K [0x0000000085800000, 0x0000000100000000)
  region size 1024K, 2 young (2048K), 1 survivors (1024K)
 Metaspace       used 63903K, committed 65088K, reserved 1114112K
  class space    used 9038K, committed 9472K, reserved 1048576K
}
Event: 121.309 GC heap after
{Heap after GC invocations=86 (full 0):
 garbage-first heap   total 125952K, used 29007K [0x0000000085800000, 0x0000000100000000)
  region size 1024K, 1 young (1024K), 1 survivors (1024K)
 Metaspace       used 63903K, committed 65088K, reserved 1114112K
  class space    used 9038K, committed 9472K, reserved 1048576K
}

